# JRE version: OpenJDK Runtime Environment Temurin-17.0.13+11 (17.0.13+11) (build 17.0.13+11)
# Java VM: OpenJDK 64-Bit Server VM Temurin-17.0.13+11 (17.0.13+11, mixed mode, tiered, compressed oops, compressed class ptrs, parallel gc, windows-amd64)
GC Precious Log:
 CPUs: 12 total, 12 available
 Memory: 16092M
 Large Page Support: Disabled
 NUMA Support: Disabled
 Compressed Oops: Enabled (32-bit)
 Alignments: Space 512K, Generation 512K, Heap 2M
 Heap Min Capacity: 100M
 Heap Initial Capacity: 100M
 Heap Max Capacity: 1G
 Pre-touch: Disabled
 Parallel Workers: 10
Heap:
 PSYoungGen      total 12288K, used 2976K [0x00000000eab00000, 0x00000000eb980000, 0x0000000100000000)
  eden space 9728K, 7% used [0x00000000eab00000,0x00000000eabc0418,0x00000000eb480000)
  from space 2560K, 86% used [0x00000000eb480000,0x00000000eb6a7c18,0x00000000eb700000)
  to   space 2560K, 0% used [0x00000000eb700000,0x00000000eb700000,0x00000000eb980000)
 ParOldGen       total 115712K, used 90714K [0x00000000c0000000, 0x00000000c7100000, 0x00000000eab00000)
  object space 115712K, 78% used [0x00000000c0000000,0x00000000c5896a98,0x00000000c7100000)
 Metaspace       used 57920K, committed 59008K, reserved 1114112K
  class space    used 6166K, committed 6656K, reserved 1048576K
GC Heap History (20 events):
Event: 6.228 GC heap before
{Heap before GC invocations=47 (full 3):
 PSYoungGen      total 12288K, used 11967K [0x00000000eab00000, 0x00000000eb980000, 0x0000000100000000)
  eden space 9728K, 99% used [0x00000000eab00000,0x00000000eb4735a8,0x00000000eb480000)
  from space 2560K, 89% used [0x00000000eb700000,0x00000000eb93c7d8,0x00000000eb980000)
  to   space 2560K, 0% used [0x00000000eb480000,0x00000000eb480000,0x00000000eb700000)
 ParOldGen       total 91136K, used 73861K [0x00000000c0000000, 0x00000000c5900000, 0x00000000eab00000)
  object space 91136K, 81% used [0x00000000c0000000,0x00000000c4821458,0x00000000c5900000)
 Metaspace       used 56656K, committed 57664K, reserved 1114112K
  class space    used 6010K, committed 6464K, reserved 1048576K
}
Event: 6.230 GC heap after
{Heap after GC invocations=47 (full 3):
 PSYoungGen      total 12288K, used 1964K [0x00000000eab00000, 0x00000000eb980000, 0x0000000100000000)
  eden space 9728K, 0% used [0x00000000eab00000,0x00000000eab00000,0x00000000eb480000)
  from space 2560K, 76% used [0x00000000eb480000,0x00000000eb66b0f0,0x00000000eb700000)
  to   space 2560K, 0% used [0x00000000eb700000,0x00000000eb700000,0x00000000eb980000)
 ParOldGen       total 91136K, used 75846K [0x00000000c0000000, 0x00000000c5900000, 0x00000000eab00000)
  object space 91136K, 83% used [0x00000000c0000000,0x00000000c4a11838,0x00000000c5900000)
 Metaspace       used 56656K, committed 57664K, reserved 1114112K
  class space    used 6010K, committed 6464K, reserved 1048576K
}
Event: 6.245 GC heap before
{Heap before GC invocations=48 (full 3):
 PSYoungGen      total 12288K, used 11692K [0x00000000eab00000, 0x00000000eb980000, 0x0000000100000000)
  eden space 9728K, 100% used [0x00000000eab00000,0x00000000eb480000,0x00000000eb480000)
  from space 2560K, 76% used [0x00000000eb480000,0x00000000eb66b0f0,0x00000000eb700000)
  to   space 2560K, 0% used [0x00000000eb700000,0x00000000eb700000,0x00000000eb980000)
 ParOldGen       total 91136K, used 75846K [0x00000000c0000000, 0x00000000c5900000, 0x00000000eab00000)
  object space 91136K, 83% used [0x00000000c0000000,0x00000000c4a11838,0x00000000c5900000)
 Metaspace       used 56821K, committed 57856K, reserved 1114112K
  class space    used 6032K, committed 6528K, reserved 1048576K
}
Event: 6.247 GC heap after
{Heap after GC invocations=48 (full 3):
 PSYoungGen      total 12288K, used 2435K [0x00000000eab00000, 0x00000000eb980000, 0x0000000100000000)
  eden space 9728K, 0% used [0x00000000eab00000,0x00000000eab00000,0x00000000eb480000)
  from space 2560K, 95% used [0x00000000eb700000,0x00000000eb960f78,0x00000000eb980000)
  to   space 2560K, 0% used [0x00000000eb480000,0x00000000eb480000,0x00000000eb700000)
 ParOldGen       total 91136K, used 77617K [0x00000000c0000000, 0x00000000c5900000, 0x00000000eab00000)
  object space 91136K, 85% used [0x00000000c0000000,0x00000000c4bcc6a0,0x00000000c5900000)
 Metaspace       used 56821K, committed 57856K, reserved 1114112K
  class space    used 6032K, committed 6528K, reserved 1048576K
}
Event: 6.277 GC heap before
{Heap before GC invocations=49 (full 3):
 PSYoungGen      total 12288K, used 12163K [0x00000000eab00000, 0x00000000eb980000, 0x0000000100000000)
  eden space 9728K, 100% used [0x00000000eab00000,0x00000000eb480000,0x00000000eb480000)
  from space 2560K, 95% used [0x00000000eb700000,0x00000000eb960f78,0x00000000eb980000)
  to   space 2560K, 0% used [0x00000000eb480000,0x00000000eb480000,0x00000000eb700000)
 ParOldGen       total 91136K, used 77617K [0x00000000c0000000, 0x00000000c5900000, 0x00000000eab00000)
  object space 91136K, 85% used [0x00000000c0000000,0x00000000c4bcc6a0,0x00000000c5900000)
 Metaspace       used 57250K, committed 58304K, reserved 1114112K
  class space    used 6090K, committed 6592K, reserved 1048576K
}
Event: 6.278 GC heap after
{Heap after GC invocations=49 (full 3):
 PSYoungGen      total 12288K, used 1912K [0x00000000eab00000, 0x00000000eb980000, 0x0000000100000000)
  eden space 9728K, 0% used [0x00000000eab00000,0x00000000eab00000,0x00000000eb480000)
  from space 2560K, 74% used [0x00000000eb480000,0x00000000eb65e3b8,0x00000000eb700000)
  to   space 2560K, 0% used [0x00000000eb700000,0x00000000eb700000,0x00000000eb980000)
 ParOldGen       total 91136K, used 79843K [0x00000000c0000000, 0x00000000c5900000, 0x00000000eab00000)
  object space 91136K, 87% used [0x00000000c0000000,0x00000000c4df8fb8,0x00000000c5900000)
 Metaspace       used 57250K, committed 58304K, reserved 1114112K
  class space    used 6090K, committed 6592K, reserved 1048576K
}
Event: 6.299 GC heap before
{Heap before GC invocations=50 (full 3):
 PSYoungGen      total 12288K, used 11640K [0x00000000eab00000, 0x00000000eb980000, 0x0000000100000000)
  eden space 9728K, 100% used [0x00000000eab00000,0x00000000eb480000,0x00000000eb480000)
  from space 2560K, 74% used [0x00000000eb480000,0x00000000eb65e3b8,0x00000000eb700000)
  to   space 2560K, 0% used [0x00000000eb700000,0x00000000eb700000,0x00000000eb980000)
 ParOldGen       total 91136K, used 79843K [0x00000000c0000000, 0x00000000c5900000, 0x00000000eab00000)
  object space 91136K, 87% used [0x00000000c0000000,0x00000000c4df8fb8,0x00000000c5900000)
 Metaspace       used 57278K, committed 58368K, reserved 1114112K
  class space    used 6092K, committed 6592K, reserved 1048576K
}
Event: 6.300 GC heap after
{Heap after GC invocations=50 (full 3):
 PSYoungGen      total 12288K, used 2212K [0x00000000eab00000, 0x00000000eb980000, 0x0000000100000000)
  eden space 9728K, 0% used [0x00000000eab00000,0x00000000eab00000,0x00000000eb480000)
  from space 2560K, 86% used [0x00000000eb700000,0x00000000eb9293b0,0x00000000eb980000)
  to   space 2560K, 0% used [0x00000000eb480000,0x00000000eb480000,0x00000000eb700000)
 ParOldGen       total 91136K, used 81499K [0x00000000c0000000, 0x00000000c5900000, 0x00000000eab00000)
  object space 91136K, 89% used [0x00000000c0000000,0x00000000c4f96d70,0x00000000c5900000)
 Metaspace       used 57278K, committed 58368K, reserved 1114112K
  class space    used 6092K, committed 6592K, reserved 1048576K
}
Event: 6.325 GC heap before
{Heap before GC invocations=51 (full 3):
 PSYoungGen      total 12288K, used 11940K [0x00000000eab00000, 0x00000000eb980000, 0x0000000100000000)
  eden space 9728K, 99% used [0x00000000eab00000,0x00000000eb47ff78,0x00000000eb480000)
  from space 2560K, 86% used [0x00000000eb700000,0x00000000eb9293b0,0x00000000eb980000)
  to   space 2560K, 0% used [0x00000000eb480000,0x00000000eb480000,0x00000000eb700000)
 ParOldGen       total 91136K, used 81499K [0x00000000c0000000, 0x00000000c5900000, 0x00000000eab00000)
  object space 91136K, 89% used [0x00000000c0000000,0x00000000c4f96d70,0x00000000c5900000)
 Metaspace       used 57459K, committed 58560K, reserved 1114112K
  class space    used 6116K, committed 6592K, reserved 1048576K
}
Event: 6.327 GC heap after
{Heap after GC invocations=51 (full 3):
 PSYoungGen      total 12288K, used 2126K [0x00000000eab00000, 0x00000000eb980000, 0x0000000100000000)
  eden space 9728K, 0% used [0x00000000eab00000,0x00000000eab00000,0x00000000eb480000)
  from space 2560K, 83% used [0x00000000eb480000,0x00000000eb693890,0x00000000eb700000)
  to   space 2560K, 0% used [0x00000000eb700000,0x00000000eb700000,0x00000000eb980000)
 ParOldGen       total 91136K, used 83473K [0x00000000c0000000, 0x00000000c5900000, 0x00000000eab00000)
  object space 91136K, 91% used [0x00000000c0000000,0x00000000c5184678,0x00000000c5900000)
 Metaspace       used 57459K, committed 58560K, reserved 1114112K
  class space    used 6116K, committed 6592K, reserved 1048576K
}
Event: 6.350 GC heap before
{Heap before GC invocations=52 (full 3):
 PSYoungGen      total 12288K, used 11854K [0x00000000eab00000, 0x00000000eb980000, 0x0000000100000000)
  eden space 9728K, 100% used [0x00000000eab00000,0x00000000eb480000,0x00000000eb480000)
  from space 2560K, 83% used [0x00000000eb480000,0x00000000eb693890,0x00000000eb700000)
  to   space 2560K, 0% used [0x00000000eb700000,0x00000000eb700000,0x00000000eb980000)
 ParOldGen       total 91136K, used 83473K [0x00000000c0000000, 0x00000000c5900000, 0x00000000eab00000)
  object space 91136K, 91% used [0x00000000c0000000,0x00000000c5184678,0x00000000c5900000)
 Metaspace       used 57516K, committed 58560K, reserved 1114112K
  class space    used 6117K, committed 6592K, reserved 1048576K
}
Event: 6.352 GC heap after
{Heap after GC invocations=52 (full 3):
 PSYoungGen      total 12288K, used 2221K [0x00000000eab00000, 0x00000000eb980000, 0x0000000100000000)
  eden space 9728K, 0% used [0x00000000eab00000,0x00000000eab00000,0x00000000eb480000)
  from space 2560K, 86% used [0x00000000eb700000,0x00000000eb92b660,0x00000000eb980000)
  to   space 2560K, 0% used [0x00000000eb480000,0x00000000eb480000,0x00000000eb700000)
 ParOldGen       total 91136K, used 85402K [0x00000000c0000000, 0x00000000c5900000, 0x00000000eab00000)
  object space 91136K, 93% used [0x00000000c0000000,0x00000000c5366890,0x00000000c5900000)
 Metaspace       used 57516K, committed 58560K, reserved 1114112K
  class space    used 6117K, committed 6592K, reserved 1048576K
}
Event: 6.375 GC heap before
{Heap before GC invocations=53 (full 3):
 PSYoungGen      total 12288K, used 11949K [0x00000000eab00000, 0x00000000eb980000, 0x0000000100000000)
  eden space 9728K, 100% used [0x00000000eab00000,0x00000000eb480000,0x00000000eb480000)
  from space 2560K, 86% used [0x00000000eb700000,0x00000000eb92b660,0x00000000eb980000)
  to   space 2560K, 0% used [0x00000000eb480000,0x00000000eb480000,0x00000000eb700000)
 ParOldGen       total 91136K, used 85402K [0x00000000c0000000, 0x00000000c5900000, 0x00000000eab00000)
  object space 91136K, 93% used [0x00000000c0000000,0x00000000c5366890,0x00000000c5900000)
 Metaspace       used 57629K, committed 58688K, reserved 1114112K
  class space    used 6127K, committed 6592K, reserved 1048576K
}
Event: 6.376 GC heap after
{Heap after GC invocations=53 (full 3):
 PSYoungGen      total 12288K, used 2174K [0x00000000eab00000, 0x00000000eb980000, 0x0000000100000000)
  eden space 9728K, 0% used [0x00000000eab00000,0x00000000eab00000,0x00000000eb480000)
  from space 2560K, 84% used [0x00000000eb480000,0x00000000eb69fba0,0x00000000eb700000)
  to   space 2560K, 0% used [0x00000000eb700000,0x00000000eb700000,0x00000000eb980000)
 ParOldGen       total 91136K, used 87534K [0x00000000c0000000, 0x00000000c5900000, 0x00000000eab00000)
  object space 91136K, 96% used [0x00000000c0000000,0x00000000c557b938,0x00000000c5900000)
 Metaspace       used 57629K, committed 58688K, reserved 1114112K
  class space    used 6127K, committed 6592K, reserved 1048576K
}
Event: 6.399 GC heap before
{Heap before GC invocations=54 (full 3):
 PSYoungGen      total 12288K, used 11902K [0x00000000eab00000, 0x00000000eb980000, 0x0000000100000000)
  eden space 9728K, 100% used [0x00000000eab00000,0x00000000eb480000,0x00000000eb480000)
  from space 2560K, 84% used [0x00000000eb480000,0x00000000eb69fba0,0x00000000eb700000)
  to   space 2560K, 0% used [0x00000000eb700000,0x00000000eb700000,0x00000000eb980000)
 ParOldGen       total 91136K, used 87534K [0x00000000c0000000, 0x00000000c5900000, 0x00000000eab00000)
  object space 91136K, 96% used [0x00000000c0000000,0x00000000c557b938,0x00000000c5900000)
 Metaspace       used 57630K, committed 58688K, reserved 1114112K
  class space    used 6127K, committed 6592K, reserved 1048576K
}
Event: 6.401 GC heap after
{Heap after GC invocations=54 (full 3):
 PSYoungGen      total 12288K, used 2279K [0x00000000eab00000, 0x00000000eb980000, 0x0000000100000000)
  eden space 9728K, 0% used [0x00000000eab00000,0x00000000eab00000,0x00000000eb480000)
  from space 2560K, 89% used [0x00000000eb700000,0x00000000eb939dc8,0x00000000eb980000)
  to   space 2560K, 0% used [0x00000000eb480000,0x00000000eb480000,0x00000000eb700000)
 ParOldGen       total 91136K, used 89554K [0x00000000c0000000, 0x00000000c5900000, 0x00000000eab00000)
  object space 91136K, 98% used [0x00000000c0000000,0x00000000c5774830,0x00000000c5900000)
 Metaspace       used 57630K, committed 58688K, reserved 1114112K
  class space    used 6127K, committed 6592K, reserved 1048576K
}
Event: 6.433 GC heap before
{Heap before GC invocations=55 (full 4):
 PSYoungGen      total 12288K, used 12007K [0x00000000eab00000, 0x00000000eb980000, 0x0000000100000000)
  eden space 9728K, 100% used [0x00000000eab00000,0x00000000eb480000,0x00000000eb480000)
  from space 2560K, 89% used [0x00000000eb700000,0x00000000eb939dc8,0x00000000eb980000)
  to   space 2560K, 0% used [0x00000000eb480000,0x00000000eb480000,0x00000000eb700000)
 ParOldGen       total 91136K, used 89554K [0x00000000c0000000, 0x00000000c5900000, 0x00000000eab00000)
  object space 91136K, 98% used [0x00000000c0000000,0x00000000c5774830,0x00000000c5900000)
 Metaspace       used 57721K, committed 58752K, reserved 1114112K
  class space    used 6137K, committed 6592K, reserved 1048576K
}
Event: 6.469 GC heap after
{Heap after GC invocations=55 (full 4):
 PSYoungGen      total 12288K, used 0K [0x00000000eab00000, 0x00000000eb980000, 0x0000000100000000)
  eden space 9728K, 0% used [0x00000000eab00000,0x00000000eab00000,0x00000000eb480000)
  from space 2560K, 0% used [0x00000000eb480000,0x00000000eb480000,0x00000000eb700000)
  to   space 2560K, 0% used [0x00000000eb700000,0x00000000eb700000,0x00000000eb980000)
 ParOldGen       total 115712K, used 88679K [0x00000000c0000000, 0x00000000c7100000, 0x00000000eab00000)
  object space 115712K, 76% used [0x00000000c0000000,0x00000000c5699c30,0x00000000c7100000)
 Metaspace       used 57721K, committed 58752K, reserved 1114112K
  class space    used 6137K, committed 6592K, reserved 1048576K
}
Event: 6.491 GC heap before
{Heap before GC invocations=56 (full 4):
 PSYoungGen      total 12288K, used 9728K [0x00000000eab00000, 0x00000000eb980000, 0x0000000100000000)
  eden space 9728K, 100% used [0x00000000eab00000,0x00000000eb480000,0x00000000eb480000)
  from space 2560K, 0% used [0x00000000eb480000,0x00000000eb480000,0x00000000eb700000)
  to   space 2560K, 0% used [0x00000000eb700000,0x00000000eb700000,0x00000000eb980000)
 ParOldGen       total 115712K, used 88679K [0x00000000c0000000, 0x00000000c7100000, 0x00000000eab00000)
  object space 115712K, 76% used [0x00000000c0000000,0x00000000c5699c30,0x00000000c7100000)
 Metaspace       used 57736K, committed 58752K, reserved 1114112K
  class space    used 6137K, committed 6592K, reserved 1048576K
}
Event: 6.492 GC heap after
{Heap after GC invocations=56 (full 4):
 PSYoungGen      total 12288K, used 2247K [0x00000000eab00000, 0x00000000eb980000, 0x0000000100000000)
  eden space 9728K, 0% used [0x00000000eab00000,0x00000000eab00000,0x00000000eb480000)
  from space 2560K, 87% used [0x00000000eb700000,0x00000000eb931eb8,0x00000000eb980000)
  to   space 2560K, 0% used [0x00000000eb480000,0x00000000eb480000,0x00000000eb700000)
 ParOldGen       total 115712K, used 88679K [0x00000000c0000000, 0x00000000c7100000, 0x00000000eab00000)
  object space 115712K, 76% used [0x00000000c0000000,0x00000000c5699c30,0x00000000c7100000)
 Metaspace       used 57736K, committed 58752K, reserved 1114112K
  class space    used 6137K, committed 6592K, reserved 1048576K
}

