# JRE version: OpenJDK Runtime Environment Temurin-17.0.13+11 (17.0.13+11) (build 17.0.13+11)
# Java VM: OpenJDK 64-Bit Server VM Temurin-17.0.13+11 (17.0.13+11, mixed mode, tiered, compressed oops, compressed class ptrs, parallel gc, windows-amd64)
GC Precious Log:
 CPUs: 12 total, 12 available
 Memory: 16092M
 Large Page Support: Disabled
 NUMA Support: Disabled
 Compressed Oops: Enabled (32-bit)
 Alignments: Space 512K, Generation 512K, Heap 2M
 Heap Min Capacity: 100M
 Heap Initial Capacity: 100M
 Heap Max Capacity: 1G
 Pre-touch: Disabled
 Parallel Workers: 10
Heap:
 PSYoungGen      total 39424K, used 39331K [0x00000000eab00000, 0x00000000eec00000, 0x0000000100000000)
  eden space 31232K, 100% used [0x00000000eab00000,0x00000000ec980000,0x00000000ec980000)
  from space 8192K, 98% used [0x00000000ee400000,0x00000000eebe8d00,0x00000000eec00000)
  to   space 14336K, 97% used [0x00000000ed000000,0x00000000edd97980,0x00000000ede00000)
 ParOldGen       total 346112K, used 322337K [0x00000000c0000000, 0x00000000d5200000, 0x00000000eab00000)
  object space 346112K, 93% used [0x00000000c0000000,0x00000000d3ac8620,0x00000000d5200000)
 Metaspace       used 69597K, committed 70784K, reserved 1114112K
  class space    used 7458K, committed 8000K, reserved 1048576K
GC Heap History (20 events):
Event: 6.867 GC heap before
{Heap before GC invocations=141 (full 8):
 PSYoungGen      total 37376K, used 37368K [0x00000000eab00000, 0x00000000edf00000, 0x0000000100000000)
  eden space 26112K, 100% used [0x00000000eab00000,0x00000000ec480000,0x00000000ec480000)
  from space 11264K, 99% used [0x00000000ed400000,0x00000000edefe250,0x00000000edf00000)
  to   space 12800K, 0% used [0x00000000ec600000,0x00000000ec600000,0x00000000ed280000)
 ParOldGen       total 261632K, used 245083K [0x00000000c0000000, 0x00000000cff80000, 0x00000000eab00000)
  object space 261632K, 93% used [0x00000000c0000000,0x00000000cef56c58,0x00000000cff80000)
 Metaspace       used 64672K, committed 65728K, reserved 1114112K
  class space    used 6731K, committed 7168K, reserved 1048576K
}
Event: 6.872 GC heap after
{Heap after GC invocations=141 (full 8):
 PSYoungGen      total 40448K, used 12785K [0x00000000eab00000, 0x00000000eef00000, 0x0000000100000000)
  eden space 27648K, 0% used [0x00000000eab00000,0x00000000eab00000,0x00000000ec600000)
  from space 12800K, 99% used [0x00000000ec600000,0x00000000ed27c618,0x00000000ed280000)
  to   space 20480K, 0% used [0x00000000edb00000,0x00000000edb00000,0x00000000eef00000)
 ParOldGen       total 261632K, used 251193K [0x00000000c0000000, 0x00000000cff80000, 0x00000000eab00000)
  object space 261632K, 96% used [0x00000000c0000000,0x00000000cf54e7d8,0x00000000cff80000)
 Metaspace       used 64672K, committed 65728K, reserved 1114112K
  class space    used 6731K, committed 7168K, reserved 1048576K
}
Event: 6.890 GC heap before
{Heap before GC invocations=142 (full 8):
 PSYoungGen      total 40448K, used 40433K [0x00000000eab00000, 0x00000000eef00000, 0x0000000100000000)
  eden space 27648K, 100% used [0x00000000eab00000,0x00000000ec600000,0x00000000ec600000)
  from space 12800K, 99% used [0x00000000ec600000,0x00000000ed27c618,0x00000000ed280000)
  to   space 20480K, 0% used [0x00000000edb00000,0x00000000edb00000,0x00000000eef00000)
 ParOldGen       total 261632K, used 251193K [0x00000000c0000000, 0x00000000cff80000, 0x00000000eab00000)
  object space 261632K, 96% used [0x00000000c0000000,0x00000000cf54e7d8,0x00000000cff80000)
 Metaspace       used 64677K, committed 65792K, reserved 1114112K
  class space    used 6731K, committed 7168K, reserved 1048576K
}
Event: 6.895 GC heap after
{Heap after GC invocations=142 (full 8):
 PSYoungGen      total 46592K, used 15692K [0x00000000eab00000, 0x00000000eea80000, 0x0000000100000000)
  eden space 30720K, 0% used [0x00000000eab00000,0x00000000eab00000,0x00000000ec900000)
  from space 15872K, 98% used [0x00000000edb00000,0x00000000eea530f0,0x00000000eea80000)
  to   space 16896K, 0% used [0x00000000ec980000,0x00000000ec980000,0x00000000eda00000)
 ParOldGen       total 261632K, used 258773K [0x00000000c0000000, 0x00000000cff80000, 0x00000000eab00000)
  object space 261632K, 98% used [0x00000000c0000000,0x00000000cfcb55f8,0x00000000cff80000)
 Metaspace       used 64677K, committed 65792K, reserved 1114112K
  class space    used 6731K, committed 7168K, reserved 1048576K
}
Event: 6.972 GC heap before
{Heap before GC invocations=143 (full 9):
 PSYoungGen      total 46592K, used 46410K [0x00000000eab00000, 0x00000000eea80000, 0x0000000100000000)
  eden space 30720K, 99% used [0x00000000eab00000,0x00000000ec8ff848,0x00000000ec900000)
  from space 15872K, 98% used [0x00000000edb00000,0x00000000eea530f0,0x00000000eea80000)
  to   space 16896K, 0% used [0x00000000ec980000,0x00000000ec980000,0x00000000eda00000)
 ParOldGen       total 261632K, used 258773K [0x00000000c0000000, 0x00000000cff80000, 0x00000000eab00000)
  object space 261632K, 98% used [0x00000000c0000000,0x00000000cfcb55f8,0x00000000cff80000)
 Metaspace       used 64694K, committed 65792K, reserved 1114112K
  class space    used 6731K, committed 7168K, reserved 1048576K
}
Event: 11.145 GC heap after
{Heap after GC invocations=143 (full 9):
 PSYoungGen      total 47616K, used 17887K [0x00000000eab00000, 0x00000000eed80000, 0x0000000100000000)
  eden space 30720K, 58% used [0x00000000eab00000,0x00000000ebc77ec0,0x00000000ec900000)
  from space 16896K, 0% used [0x00000000ec980000,0x00000000ec980000,0x00000000eda00000)
  to   space 15872K, 0% used [0x00000000edb00000,0x00000000edb00000,0x00000000eea80000)
 ParOldGen       total 261632K, used 261610K [0x00000000c0000000, 0x00000000cff80000, 0x00000000eab00000)
  object space 261632K, 99% used [0x00000000c0000000,0x00000000cff7a8f0,0x00000000cff80000)
 Metaspace       used 64694K, committed 65792K, reserved 1114112K
  class space    used 6731K, committed 7168K, reserved 1048576K
}
Event: 11.315 GC heap before
{Heap before GC invocations=144 (full 10):
 PSYoungGen      total 47616K, used 30720K [0x00000000eab00000, 0x00000000eed80000, 0x0000000100000000)
  eden space 30720K, 100% used [0x00000000eab00000,0x00000000ec900000,0x00000000ec900000)
  from space 16896K, 0% used [0x00000000ec980000,0x00000000ec980000,0x00000000eda00000)
  to   space 15872K, 0% used [0x00000000edb00000,0x00000000edb00000,0x00000000eea80000)
 ParOldGen       total 261632K, used 261610K [0x00000000c0000000, 0x00000000cff80000, 0x00000000eab00000)
  object space 261632K, 99% used [0x00000000c0000000,0x00000000cff7a8f0,0x00000000cff80000)
 Metaspace       used 64756K, committed 65856K, reserved 1114112K
  class space    used 6733K, committed 7168K, reserved 1048576K
}
Event: 15.435 GC heap after
{Heap after GC invocations=144 (full 10):
 PSYoungGen      total 46592K, used 24978K [0x00000000eab00000, 0x00000000eed80000, 0x0000000100000000)
  eden space 30720K, 81% used [0x00000000eab00000,0x00000000ec364be8,0x00000000ec900000)
  from space 15872K, 0% used [0x00000000edb00000,0x00000000edb00000,0x00000000eea80000)
  to   space 16896K, 0% used [0x00000000ec980000,0x00000000ec980000,0x00000000eda00000)
 ParOldGen       total 261632K, used 261603K [0x00000000c0000000, 0x00000000cff80000, 0x00000000eab00000)
  object space 261632K, 99% used [0x00000000c0000000,0x00000000cff78fb0,0x00000000cff80000)
 Metaspace       used 64756K, committed 65856K, reserved 1114112K
  class space    used 6733K, committed 7168K, reserved 1048576K
}
Event: 17.575 GC heap before
{Heap before GC invocations=145 (full 11):
 PSYoungGen      total 46592K, used 30720K [0x00000000eab00000, 0x00000000eed80000, 0x0000000100000000)
  eden space 30720K, 100% used [0x00000000eab00000,0x00000000ec900000,0x00000000ec900000)
  from space 15872K, 0% used [0x00000000edb00000,0x00000000edb00000,0x00000000eea80000)
  to   space 16896K, 0% used [0x00000000ec980000,0x00000000ec980000,0x00000000eda00000)
 ParOldGen       total 261632K, used 261603K [0x00000000c0000000, 0x00000000cff80000, 0x00000000eab00000)
  object space 261632K, 99% used [0x00000000c0000000,0x00000000cff78fb0,0x00000000cff80000)
 Metaspace       used 64767K, committed 65856K, reserved 1114112K
  class space    used 6733K, committed 7168K, reserved 1048576K
}
Event: 22.410 GC heap after
{Heap after GC invocations=145 (full 11):
 PSYoungGen      total 47616K, used 26577K [0x00000000eab00000, 0x00000000eed80000, 0x0000000100000000)
  eden space 30720K, 86% used [0x00000000eab00000,0x00000000ec4f4460,0x00000000ec900000)
  from space 16896K, 0% used [0x00000000ec980000,0x00000000ec980000,0x00000000eda00000)
  to   space 15872K, 0% used [0x00000000edb00000,0x00000000edb00000,0x00000000eea80000)
 ParOldGen       total 261632K, used 261563K [0x00000000c0000000, 0x00000000cff80000, 0x00000000eab00000)
  object space 261632K, 99% used [0x00000000c0000000,0x00000000cff6ec18,0x00000000cff80000)
 Metaspace       used 64767K, committed 65856K, reserved 1114112K
  class space    used 6733K, committed 7168K, reserved 1048576K
}
Event: 22.872 GC heap before
{Heap before GC invocations=146 (full 12):
 PSYoungGen      total 47616K, used 30623K [0x00000000eab00000, 0x00000000eed80000, 0x0000000100000000)
  eden space 30720K, 99% used [0x00000000eab00000,0x00000000ec8e7ed8,0x00000000ec900000)
  from space 16896K, 0% used [0x00000000ec980000,0x00000000ec980000,0x00000000eda00000)
  to   space 15872K, 0% used [0x00000000edb00000,0x00000000edb00000,0x00000000eea80000)
 ParOldGen       total 261632K, used 261563K [0x00000000c0000000, 0x00000000cff80000, 0x00000000eab00000)
  object space 261632K, 99% used [0x00000000c0000000,0x00000000cff6ec18,0x00000000cff80000)
 Metaspace       used 64798K, committed 65856K, reserved 1114112K
  class space    used 6733K, committed 7168K, reserved 1048576K
}
Event: 23.532 GC heap after
{Heap after GC invocations=146 (full 12):
 PSYoungGen      total 46592K, used 28130K [0x00000000eab00000, 0x00000000eed80000, 0x0000000100000000)
  eden space 30720K, 91% used [0x00000000eab00000,0x00000000ec6788e0,0x00000000ec900000)
  from space 15872K, 0% used [0x00000000edb00000,0x00000000edb00000,0x00000000eea80000)
  to   space 16896K, 0% used [0x00000000ec980000,0x00000000ec980000,0x00000000eda00000)
 ParOldGen       total 346112K, used 261562K [0x00000000c0000000, 0x00000000d5200000, 0x00000000eab00000)
  object space 346112K, 75% used [0x00000000c0000000,0x00000000cff6eb38,0x00000000d5200000)
 Metaspace       used 64798K, committed 65856K, reserved 1114112K
  class space    used 6733K, committed 7168K, reserved 1048576K
}
Event: 24.429 GC heap before
{Heap before GC invocations=147 (full 12):
 PSYoungGen      total 46592K, used 30720K [0x00000000eab00000, 0x00000000eed80000, 0x0000000100000000)
  eden space 30720K, 100% used [0x00000000eab00000,0x00000000ec900000,0x00000000ec900000)
  from space 15872K, 0% used [0x00000000edb00000,0x00000000edb00000,0x00000000eea80000)
  to   space 16896K, 0% used [0x00000000ec980000,0x00000000ec980000,0x00000000eda00000)
 ParOldGen       total 346112K, used 261562K [0x00000000c0000000, 0x00000000d5200000, 0x00000000eab00000)
  object space 346112K, 75% used [0x00000000c0000000,0x00000000cff6eb38,0x00000000d5200000)
 Metaspace       used 64808K, committed 65856K, reserved 1114112K
  class space    used 6733K, committed 7168K, reserved 1048576K
}
Event: 24.547 GC heap after
{Heap after GC invocations=147 (full 12):
 PSYoungGen      total 48128K, used 16886K [0x00000000eab00000, 0x00000000f0900000, 0x0000000100000000)
  eden space 31232K, 0% used [0x00000000eab00000,0x00000000eab00000,0x00000000ec980000)
  from space 16896K, 99% used [0x00000000ec980000,0x00000000ed9fdb78,0x00000000eda00000)
  to   space 31232K, 0% used [0x00000000eea80000,0x00000000eea80000,0x00000000f0900000)
 ParOldGen       total 346112K, used 273320K [0x00000000c0000000, 0x00000000d5200000, 0x00000000eab00000)
  object space 346112K, 78% used [0x00000000c0000000,0x00000000d0aea3c8,0x00000000d5200000)
 Metaspace       used 64808K, committed 65856K, reserved 1114112K
  class space    used 6733K, committed 7168K, reserved 1048576K
}
Event: 29.460 GC heap before
{Heap before GC invocations=148 (full 12):
 PSYoungGen      total 48128K, used 48118K [0x00000000eab00000, 0x00000000f0900000, 0x0000000100000000)
  eden space 31232K, 100% used [0x00000000eab00000,0x00000000ec980000,0x00000000ec980000)
  from space 16896K, 99% used [0x00000000ec980000,0x00000000ed9fdb78,0x00000000eda00000)
  to   space 31232K, 0% used [0x00000000eea80000,0x00000000eea80000,0x00000000f0900000)
 ParOldGen       total 346112K, used 273320K [0x00000000c0000000, 0x00000000d5200000, 0x00000000eab00000)
  object space 346112K, 78% used [0x00000000c0000000,0x00000000d0aea3c8,0x00000000d5200000)
 Metaspace       used 66143K, committed 67264K, reserved 1114112K
  class space    used 6905K, committed 7360K, reserved 1048576K
}
Event: 29.486 GC heap after
{Heap after GC invocations=148 (full 12):
 PSYoungGen      total 40448K, used 8803K [0x00000000eab00000, 0x00000000ef380000, 0x0000000100000000)
  eden space 31232K, 0% used [0x00000000eab00000,0x00000000eab00000,0x00000000ec980000)
  from space 9216K, 95% used [0x00000000eea80000,0x00000000ef318ce8,0x00000000ef380000)
  to   space 16384K, 0% used [0x00000000ed380000,0x00000000ed380000,0x00000000ee380000)
 ParOldGen       total 346112K, used 288433K [0x00000000c0000000, 0x00000000d5200000, 0x00000000eab00000)
  object space 346112K, 83% used [0x00000000c0000000,0x00000000d19ac730,0x00000000d5200000)
 Metaspace       used 66143K, committed 67264K, reserved 1114112K
  class space    used 6905K, committed 7360K, reserved 1048576K
}
Event: 33.843 GC heap before
{Heap before GC invocations=149 (full 12):
 PSYoungGen      total 40448K, used 40035K [0x00000000eab00000, 0x00000000ef380000, 0x0000000100000000)
  eden space 31232K, 100% used [0x00000000eab00000,0x00000000ec980000,0x00000000ec980000)
  from space 9216K, 95% used [0x00000000eea80000,0x00000000ef318ce8,0x00000000ef380000)
  to   space 16384K, 0% used [0x00000000ed380000,0x00000000ed380000,0x00000000ee380000)
 ParOldGen       total 346112K, used 288433K [0x00000000c0000000, 0x00000000d5200000, 0x00000000eab00000)
  object space 346112K, 83% used [0x00000000c0000000,0x00000000d19ac730,0x00000000d5200000)
 Metaspace       used 67481K, committed 68672K, reserved 1114112K
  class space    used 7107K, committed 7616K, reserved 1048576K
}
Event: 33.870 GC heap after
{Heap after GC invocations=149 (full 12):
 PSYoungGen      total 47616K, used 16380K [0x00000000eab00000, 0x00000000efe80000, 0x0000000100000000)
  eden space 31232K, 0% used [0x00000000eab00000,0x00000000eab00000,0x00000000ec980000)
  from space 16384K, 99% used [0x00000000ed380000,0x00000000ee37f2a8,0x00000000ee380000)
  to   space 27136K, 0% used [0x00000000ee400000,0x00000000ee400000,0x00000000efe80000)
 ParOldGen       total 346112K, used 296057K [0x00000000c0000000, 0x00000000d5200000, 0x00000000eab00000)
  object space 346112K, 85% used [0x00000000c0000000,0x00000000d211e580,0x00000000d5200000)
 Metaspace       used 67481K, committed 68672K, reserved 1114112K
  class space    used 7107K, committed 7616K, reserved 1048576K
}
Event: 36.265 GC heap before
{Heap before GC invocations=150 (full 12):
 PSYoungGen      total 47616K, used 47612K [0x00000000eab00000, 0x00000000efe80000, 0x0000000100000000)
  eden space 31232K, 100% used [0x00000000eab00000,0x00000000ec980000,0x00000000ec980000)
  from space 16384K, 99% used [0x00000000ed380000,0x00000000ee37f2a8,0x00000000ee380000)
  to   space 27136K, 0% used [0x00000000ee400000,0x00000000ee400000,0x00000000efe80000)
 ParOldGen       total 346112K, used 296057K [0x00000000c0000000, 0x00000000d5200000, 0x00000000eab00000)
  object space 346112K, 85% used [0x00000000c0000000,0x00000000d211e580,0x00000000d5200000)
 Metaspace       used 69267K, committed 70464K, reserved 1114112K
  class space    used 7419K, committed 7936K, reserved 1048576K
}
Event: 36.304 GC heap after
{Heap after GC invocations=150 (full 12):
 PSYoungGen      total 39424K, used 8099K [0x00000000eab00000, 0x00000000eec00000, 0x0000000100000000)
  eden space 31232K, 0% used [0x00000000eab00000,0x00000000eab00000,0x00000000ec980000)
  from space 8192K, 98% used [0x00000000ee400000,0x00000000eebe8d00,0x00000000eec00000)
  to   space 14336K, 0% used [0x00000000ed000000,0x00000000ed000000,0x00000000ede00000)
 ParOldGen       total 346112K, used 312153K [0x00000000c0000000, 0x00000000d5200000, 0x00000000eab00000)
  object space 346112K, 90% used [0x00000000c0000000,0x00000000d30d66b8,0x00000000d5200000)
 Metaspace       used 69267K, committed 70464K, reserved 1114112K
  class space    used 7419K, committed 7936K, reserved 1048576K
}

