# JRE version: OpenJDK Runtime Environment Temurin-17.0.13+11 (17.0.13+11) (build 17.0.13+11)
# Java VM: OpenJDK 64-Bit Server VM Temurin-17.0.13+11 (17.0.13+11, mixed mode, tiered, compressed oops, compressed class ptrs, parallel gc, windows-amd64)
GC Precious Log:
 CPUs: 12 total, 12 available
 Memory: 16092M
 Large Page Support: Disabled
 NUMA Support: Disabled
 Compressed Oops: Enabled (32-bit)
 Alignments: Space 512K, Generation 512K, Heap 2M
 Heap Min Capacity: 100M
 Heap Initial Capacity: 100M
 Heap Max Capacity: 1G
 Pre-touch: Disabled
 Parallel Workers: 10
Heap:
 PSYoungGen      total 70144K, used 46716K [0x00000000eab00000, 0x00000000f0e00000, 0x0000000100000000)
  eden space 49152K, 52% used [0x00000000eab00000,0x00000000ec4232c8,0x00000000edb00000)
  from space 20992K, 99% used [0x00000000edd00000,0x00000000ef17c010,0x00000000ef180000)
  to   space 26112K, 0% used [0x00000000ef480000,0x00000000ef480000,0x00000000f0e00000)
 ParOldGen       total 313856K, used 257717K [0x00000000c0000000, 0x00000000d3280000, 0x00000000eab00000)
  object space 313856K, 82% used [0x00000000c0000000,0x00000000cfbad698,0x00000000d3280000)
 Metaspace       used 78508K, committed 79680K, reserved 1179648K
  class space    used 8901K, committed 9408K, reserved 1048576K
GC Heap History (20 events):
Event: 12.350 GC heap before
{Heap before GC invocations=162 (full 9):
 PSYoungGen      total 50688K, used 50668K [0x00000000eab00000, 0x00000000ef100000, 0x0000000100000000)
  eden space 36864K, 100% used [0x00000000eab00000,0x00000000ecf00000,0x00000000ecf00000)
  from space 13824K, 99% used [0x00000000ecf80000,0x00000000edcfb020,0x00000000edd00000)
  to   space 17408K, 0% used [0x00000000ee000000,0x00000000ee000000,0x00000000ef100000)
 ParOldGen       total 313856K, used 218313K [0x00000000c0000000, 0x00000000d3280000, 0x00000000eab00000)
  object space 313856K, 69% used [0x00000000c0000000,0x00000000cd5325f0,0x00000000d3280000)
 Metaspace       used 78462K, committed 79680K, reserved 1179648K
  class space    used 8894K, committed 9408K, reserved 1048576K
}
Event: 12.360 GC heap after
{Heap after GC invocations=162 (full 9):
 PSYoungGen      total 54784K, used 16576K [0x00000000eab00000, 0x00000000ef380000, 0x0000000100000000)
  eden space 37376K, 0% used [0x00000000eab00000,0x00000000eab00000,0x00000000ecf80000)
  from space 17408K, 95% used [0x00000000ee000000,0x00000000ef030018,0x00000000ef100000)
  to   space 16896K, 0% used [0x00000000ecf80000,0x00000000ecf80000,0x00000000ee000000)
 ParOldGen       total 313856K, used 221077K [0x00000000c0000000, 0x00000000d3280000, 0x00000000eab00000)
  object space 313856K, 70% used [0x00000000c0000000,0x00000000cd7e5600,0x00000000d3280000)
 Metaspace       used 78462K, committed 79680K, reserved 1179648K
  class space    used 8894K, committed 9408K, reserved 1048576K
}
Event: 12.415 GC heap before
{Heap before GC invocations=163 (full 9):
 PSYoungGen      total 54784K, used 53952K [0x00000000eab00000, 0x00000000ef380000, 0x0000000100000000)
  eden space 37376K, 100% used [0x00000000eab00000,0x00000000ecf80000,0x00000000ecf80000)
  from space 17408K, 95% used [0x00000000ee000000,0x00000000ef030018,0x00000000ef100000)
  to   space 16896K, 0% used [0x00000000ecf80000,0x00000000ecf80000,0x00000000ee000000)
 ParOldGen       total 313856K, used 221077K [0x00000000c0000000, 0x00000000d3280000, 0x00000000eab00000)
  object space 313856K, 70% used [0x00000000c0000000,0x00000000cd7e5600,0x00000000d3280000)
 Metaspace       used 78462K, committed 79680K, reserved 1179648K
  class space    used 8894K, committed 9408K, reserved 1048576K
}
Event: 12.423 GC heap after
{Heap after GC invocations=163 (full 9):
 PSYoungGen      total 54272K, used 16888K [0x00000000eab00000, 0x00000000efd00000, 0x0000000100000000)
  eden space 37376K, 0% used [0x00000000eab00000,0x00000000eab00000,0x00000000ecf80000)
  from space 16896K, 99% used [0x00000000ecf80000,0x00000000edffe028,0x00000000ee000000)
  to   space 21504K, 0% used [0x00000000ee800000,0x00000000ee800000,0x00000000efd00000)
 ParOldGen       total 313856K, used 224941K [0x00000000c0000000, 0x00000000d3280000, 0x00000000eab00000)
  object space 313856K, 71% used [0x00000000c0000000,0x00000000cdbab600,0x00000000d3280000)
 Metaspace       used 78462K, committed 79680K, reserved 1179648K
  class space    used 8894K, committed 9408K, reserved 1048576K
}
Event: 12.563 GC heap before
{Heap before GC invocations=164 (full 9):
 PSYoungGen      total 54272K, used 54264K [0x00000000eab00000, 0x00000000efd00000, 0x0000000100000000)
  eden space 37376K, 100% used [0x00000000eab00000,0x00000000ecf80000,0x00000000ecf80000)
  from space 16896K, 99% used [0x00000000ecf80000,0x00000000edffe028,0x00000000ee000000)
  to   space 21504K, 0% used [0x00000000ee800000,0x00000000ee800000,0x00000000efd00000)
 ParOldGen       total 313856K, used 224941K [0x00000000c0000000, 0x00000000d3280000, 0x00000000eab00000)
  object space 313856K, 71% used [0x00000000c0000000,0x00000000cdbab600,0x00000000d3280000)
 Metaspace       used 78462K, committed 79680K, reserved 1179648K
  class space    used 8894K, committed 9408K, reserved 1048576K
}
Event: 12.576 GC heap after
{Heap after GC invocations=164 (full 9):
 PSYoungGen      total 57856K, used 16504K [0x00000000eab00000, 0x00000000ef880000, 0x0000000100000000)
  eden space 40960K, 0% used [0x00000000eab00000,0x00000000eab00000,0x00000000ed300000)
  from space 16896K, 97% used [0x00000000ee800000,0x00000000ef81e028,0x00000000ef880000)
  to   space 18432K, 0% used [0x00000000ed480000,0x00000000ed480000,0x00000000ee680000)
 ParOldGen       total 313856K, used 229421K [0x00000000c0000000, 0x00000000d3280000, 0x00000000eab00000)
  object space 313856K, 73% used [0x00000000c0000000,0x00000000ce00b620,0x00000000d3280000)
 Metaspace       used 78462K, committed 79680K, reserved 1179648K
  class space    used 8894K, committed 9408K, reserved 1048576K
}
Event: 12.801 GC heap before
{Heap before GC invocations=165 (full 9):
 PSYoungGen      total 57856K, used 57464K [0x00000000eab00000, 0x00000000ef880000, 0x0000000100000000)
  eden space 40960K, 100% used [0x00000000eab00000,0x00000000ed300000,0x00000000ed300000)
  from space 16896K, 97% used [0x00000000ee800000,0x00000000ef81e028,0x00000000ef880000)
  to   space 18432K, 0% used [0x00000000ed480000,0x00000000ed480000,0x00000000ee680000)
 ParOldGen       total 313856K, used 229421K [0x00000000c0000000, 0x00000000d3280000, 0x00000000eab00000)
  object space 313856K, 73% used [0x00000000c0000000,0x00000000ce00b620,0x00000000d3280000)
 Metaspace       used 78464K, committed 79680K, reserved 1179648K
  class space    used 8894K, committed 9408K, reserved 1048576K
}
Event: 12.817 GC heap after
{Heap after GC invocations=165 (full 9):
 PSYoungGen      total 60928K, used 18424K [0x00000000eab00000, 0x00000000f0080000, 0x0000000100000000)
  eden space 42496K, 0% used [0x00000000eab00000,0x00000000eab00000,0x00000000ed480000)
  from space 18432K, 99% used [0x00000000ed480000,0x00000000ee67e028,0x00000000ee680000)
  to   space 21504K, 0% used [0x00000000eeb80000,0x00000000eeb80000,0x00000000f0080000)
 ParOldGen       total 313856K, used 231565K [0x00000000c0000000, 0x00000000d3280000, 0x00000000eab00000)
  object space 313856K, 73% used [0x00000000c0000000,0x00000000ce223620,0x00000000d3280000)
 Metaspace       used 78464K, committed 79680K, reserved 1179648K
  class space    used 8894K, committed 9408K, reserved 1048576K
}
Event: 12.932 GC heap before
{Heap before GC invocations=166 (full 9):
 PSYoungGen      total 60928K, used 60920K [0x00000000eab00000, 0x00000000f0080000, 0x0000000100000000)
  eden space 42496K, 100% used [0x00000000eab00000,0x00000000ed480000,0x00000000ed480000)
  from space 18432K, 99% used [0x00000000ed480000,0x00000000ee67e028,0x00000000ee680000)
  to   space 21504K, 0% used [0x00000000eeb80000,0x00000000eeb80000,0x00000000f0080000)
 ParOldGen       total 313856K, used 231565K [0x00000000c0000000, 0x00000000d3280000, 0x00000000eab00000)
  object space 313856K, 73% used [0x00000000c0000000,0x00000000ce223620,0x00000000d3280000)
 Metaspace       used 78469K, committed 79680K, reserved 1179648K
  class space    used 8894K, committed 9408K, reserved 1048576K
}
Event: 12.952 GC heap after
{Heap after GC invocations=166 (full 9):
 PSYoungGen      total 65024K, used 17752K [0x00000000eab00000, 0x00000000efd80000, 0x0000000100000000)
  eden space 46592K, 0% used [0x00000000eab00000,0x00000000eab00000,0x00000000ed880000)
  from space 18432K, 96% used [0x00000000eeb80000,0x00000000efcd6018,0x00000000efd80000)
  to   space 18944K, 0% used [0x00000000ed880000,0x00000000ed880000,0x00000000eeb00000)
 ParOldGen       total 313856K, used 236621K [0x00000000c0000000, 0x00000000d3280000, 0x00000000eab00000)
  object space 313856K, 75% used [0x00000000c0000000,0x00000000ce713630,0x00000000d3280000)
 Metaspace       used 78469K, committed 79680K, reserved 1179648K
  class space    used 8894K, committed 9408K, reserved 1048576K
}
Event: 13.188 GC heap before
{Heap before GC invocations=167 (full 9):
 PSYoungGen      total 65024K, used 64344K [0x00000000eab00000, 0x00000000efd80000, 0x0000000100000000)
  eden space 46592K, 100% used [0x00000000eab00000,0x00000000ed880000,0x00000000ed880000)
  from space 18432K, 96% used [0x00000000eeb80000,0x00000000efcd6018,0x00000000efd80000)
  to   space 18944K, 0% used [0x00000000ed880000,0x00000000ed880000,0x00000000eeb00000)
 ParOldGen       total 313856K, used 236621K [0x00000000c0000000, 0x00000000d3280000, 0x00000000eab00000)
  object space 313856K, 75% used [0x00000000c0000000,0x00000000ce713630,0x00000000d3280000)
 Metaspace       used 78469K, committed 79680K, reserved 1179648K
  class space    used 8894K, committed 9408K, reserved 1048576K
}
Event: 13.202 GC heap after
{Heap after GC invocations=167 (full 9):
 PSYoungGen      total 65536K, used 18936K [0x00000000eab00000, 0x00000000f0a00000, 0x0000000100000000)
  eden space 46592K, 0% used [0x00000000eab00000,0x00000000eab00000,0x00000000ed880000)
  from space 18944K, 99% used [0x00000000ed880000,0x00000000eeafe018,0x00000000eeb00000)
  to   space 23040K, 0% used [0x00000000ef380000,0x00000000ef380000,0x00000000f0a00000)
 ParOldGen       total 313856K, used 239901K [0x00000000c0000000, 0x00000000d3280000, 0x00000000eab00000)
  object space 313856K, 76% used [0x00000000c0000000,0x00000000cea47630,0x00000000d3280000)
 Metaspace       used 78469K, committed 79680K, reserved 1179648K
  class space    used 8894K, committed 9408K, reserved 1048576K
}
Event: 13.364 GC heap before
{Heap before GC invocations=168 (full 9):
 PSYoungGen      total 65536K, used 65528K [0x00000000eab00000, 0x00000000f0a00000, 0x0000000100000000)
  eden space 46592K, 100% used [0x00000000eab00000,0x00000000ed880000,0x00000000ed880000)
  from space 18944K, 99% used [0x00000000ed880000,0x00000000eeafe018,0x00000000eeb00000)
  to   space 23040K, 0% used [0x00000000ef380000,0x00000000ef380000,0x00000000f0a00000)
 ParOldGen       total 313856K, used 239901K [0x00000000c0000000, 0x00000000d3280000, 0x00000000eab00000)
  object space 313856K, 76% used [0x00000000c0000000,0x00000000cea47630,0x00000000d3280000)
 Metaspace       used 78469K, committed 79680K, reserved 1179648K
  class space    used 8894K, committed 9408K, reserved 1048576K
}
Event: 13.373 GC heap after
{Heap after GC invocations=168 (full 9):
 PSYoungGen      total 64000K, used 17440K [0x00000000eab00000, 0x00000000f0500000, 0x0000000100000000)
  eden space 46080K, 0% used [0x00000000eab00000,0x00000000eab00000,0x00000000ed800000)
  from space 17920K, 97% used [0x00000000ef380000,0x00000000f0488000,0x00000000f0500000)
  to   space 19456K, 0% used [0x00000000edf00000,0x00000000edf00000,0x00000000ef200000)
 ParOldGen       total 313856K, used 246517K [0x00000000c0000000, 0x00000000d3280000, 0x00000000eab00000)
  object space 313856K, 78% used [0x00000000c0000000,0x00000000cf0bd698,0x00000000d3280000)
 Metaspace       used 78469K, committed 79680K, reserved 1179648K
  class space    used 8894K, committed 9408K, reserved 1048576K
}
Event: 13.522 GC heap before
{Heap before GC invocations=169 (full 9):
 PSYoungGen      total 64000K, used 63520K [0x00000000eab00000, 0x00000000f0500000, 0x0000000100000000)
  eden space 46080K, 100% used [0x00000000eab00000,0x00000000ed800000,0x00000000ed800000)
  from space 17920K, 97% used [0x00000000ef380000,0x00000000f0488000,0x00000000f0500000)
  to   space 19456K, 0% used [0x00000000edf00000,0x00000000edf00000,0x00000000ef200000)
 ParOldGen       total 313856K, used 246517K [0x00000000c0000000, 0x00000000d3280000, 0x00000000eab00000)
  object space 313856K, 78% used [0x00000000c0000000,0x00000000cf0bd698,0x00000000d3280000)
 Metaspace       used 78470K, committed 79680K, reserved 1179648K
  class space    used 8894K, committed 9408K, reserved 1048576K
}
Event: 13.540 GC heap after
{Heap after GC invocations=169 (full 9):
 PSYoungGen      total 69632K, used 19456K [0x00000000eab00000, 0x00000000f0800000, 0x0000000100000000)
  eden space 50176K, 0% used [0x00000000eab00000,0x00000000eab00000,0x00000000edc00000)
  from space 19456K, 100% used [0x00000000edf00000,0x00000000ef200000,0x00000000ef200000)
  to   space 22528K, 0% used [0x00000000ef200000,0x00000000ef200000,0x00000000f0800000)
 ParOldGen       total 313856K, used 248749K [0x00000000c0000000, 0x00000000d3280000, 0x00000000eab00000)
  object space 313856K, 79% used [0x00000000c0000000,0x00000000cf2eb698,0x00000000d3280000)
 Metaspace       used 78470K, committed 79680K, reserved 1179648K
  class space    used 8894K, committed 9408K, reserved 1048576K
}
Event: 13.775 GC heap before
{Heap before GC invocations=170 (full 9):
 PSYoungGen      total 69632K, used 69632K [0x00000000eab00000, 0x00000000f0800000, 0x0000000100000000)
  eden space 50176K, 100% used [0x00000000eab00000,0x00000000edc00000,0x00000000edc00000)
  from space 19456K, 100% used [0x00000000edf00000,0x00000000ef200000,0x00000000ef200000)
  to   space 22528K, 0% used [0x00000000ef200000,0x00000000ef200000,0x00000000f0800000)
 ParOldGen       total 313856K, used 248749K [0x00000000c0000000, 0x00000000d3280000, 0x00000000eab00000)
  object space 313856K, 79% used [0x00000000c0000000,0x00000000cf2eb698,0x00000000d3280000)
 Metaspace       used 78470K, committed 79680K, reserved 1179648K
  class space    used 8894K, committed 9408K, reserved 1048576K
}
Event: 13.786 GC heap after
{Heap after GC invocations=170 (full 9):
 PSYoungGen      total 70144K, used 20256K [0x00000000eab00000, 0x00000000f0600000, 0x0000000100000000)
  eden space 49664K, 0% used [0x00000000eab00000,0x00000000eab00000,0x00000000edb80000)
  from space 20480K, 98% used [0x00000000ef200000,0x00000000f05c8000,0x00000000f0600000)
  to   space 20992K, 0% used [0x00000000edd00000,0x00000000edd00000,0x00000000ef180000)
 ParOldGen       total 313856K, used 253637K [0x00000000c0000000, 0x00000000d3280000, 0x00000000eab00000)
  object space 313856K, 80% used [0x00000000c0000000,0x00000000cf7b1698,0x00000000d3280000)
 Metaspace       used 78470K, committed 79680K, reserved 1179648K
  class space    used 8894K, committed 9408K, reserved 1048576K
}
Event: 13.867 GC heap before
{Heap before GC invocations=171 (full 9):
 PSYoungGen      total 70144K, used 69920K [0x00000000eab00000, 0x00000000f0600000, 0x0000000100000000)
  eden space 49664K, 100% used [0x00000000eab00000,0x00000000edb80000,0x00000000edb80000)
  from space 20480K, 98% used [0x00000000ef200000,0x00000000f05c8000,0x00000000f0600000)
  to   space 20992K, 0% used [0x00000000edd00000,0x00000000edd00000,0x00000000ef180000)
 ParOldGen       total 313856K, used 253637K [0x00000000c0000000, 0x00000000d3280000, 0x00000000eab00000)
  object space 313856K, 80% used [0x00000000c0000000,0x00000000cf7b1698,0x00000000d3280000)
 Metaspace       used 78470K, committed 79680K, reserved 1179648K
  class space    used 8894K, committed 9408K, reserved 1048576K
}
Event: 13.876 GC heap after
{Heap after GC invocations=171 (full 9):
 PSYoungGen      total 70144K, used 20976K [0x00000000eab00000, 0x00000000f0e00000, 0x0000000100000000)
  eden space 49152K, 0% used [0x00000000eab00000,0x00000000eab00000,0x00000000edb00000)
  from space 20992K, 99% used [0x00000000edd00000,0x00000000ef17c010,0x00000000ef180000)
  to   space 26112K, 0% used [0x00000000ef480000,0x00000000ef480000,0x00000000f0e00000)
 ParOldGen       total 313856K, used 257717K [0x00000000c0000000, 0x00000000d3280000, 0x00000000eab00000)
  object space 313856K, 82% used [0x00000000c0000000,0x00000000cfbad698,0x00000000d3280000)
 Metaspace       used 78470K, committed 79680K, reserved 1179648K
  class space    used 8894K, committed 9408K, reserved 1048576K
}

