# JRE version: OpenJDK Runtime Environment Temurin-17.0.13+11 (17.0.13+11) (build 17.0.13+11)
# Java VM: OpenJDK 64-Bit Server VM Temurin-17.0.13+11 (17.0.13+11, mixed mode, tiered, compressed oops, compressed class ptrs, parallel gc, windows-amd64)
GC Precious Log:
 CPUs: 12 total, 12 available
 Memory: 16092M
 Large Page Support: Disabled
 NUMA Support: Disabled
 Compressed Oops: Enabled (32-bit)
 Alignments: Space 512K, Generation 512K, Heap 2M
 Heap Min Capacity: 100M
 Heap Initial Capacity: 100M
 Heap Max Capacity: 1G
 Pre-touch: Disabled
 Parallel Workers: 10
Heap:
 PSYoungGen      total 22528K, used 21972K [0x00000000eab00000, 0x00000000ec500000, 0x0000000100000000)
  eden space 19968K, 97% used [0x00000000eab00000,0x00000000ebe18650,0x00000000ebe80000)
  from space 2560K, 94% used [0x00000000ec180000,0x00000000ec3dcc38,0x00000000ec400000)
  to   space 3072K, 0% used [0x00000000ebe80000,0x00000000ebe80000,0x00000000ec180000)
 ParOldGen       total 68608K, used 27669K [0x00000000c0000000, 0x00000000c4300000, 0x00000000eab00000)
  object space 68608K, 40% used [0x00000000c0000000,0x00000000c1b05658,0x00000000c4300000)
 Metaspace       used 46657K, committed 47680K, reserved 1114112K
  class space    used 4804K, committed 5184K, reserved 1048576K
GC Heap History (20 events):
Event: 11.349 GC heap before
{Heap before GC invocations=11 (full 1):
 PSYoungGen      total 25088K, used 24886K [0x00000000eab00000, 0x00000000eca80000, 0x0000000100000000)
  eden space 22016K, 100% used [0x00000000eab00000,0x00000000ec080000,0x00000000ec080000)
  from space 3072K, 93% used [0x00000000ec080000,0x00000000ec34d840,0x00000000ec380000)
  to   space 5120K, 0% used [0x00000000ec580000,0x00000000ec580000,0x00000000eca80000)
 ParOldGen       total 68608K, used 16366K [0x00000000c0000000, 0x00000000c4300000, 0x00000000eab00000)
  object space 68608K, 23% used [0x00000000c0000000,0x00000000c0ffbb10,0x00000000c4300000)
 Metaspace       used 33330K, committed 34048K, reserved 1114112K
  class space    used 3247K, committed 3520K, reserved 1048576K
}
Event: 11.351 GC heap after
{Heap after GC invocations=11 (full 1):
 PSYoungGen      total 24576K, used 2120K [0x00000000eab00000, 0x00000000ec800000, 0x0000000100000000)
  eden space 22016K, 0% used [0x00000000eab00000,0x00000000eab00000,0x00000000ec080000)
  from space 2560K, 82% used [0x00000000ec580000,0x00000000ec7922b0,0x00000000ec800000)
  to   space 3072K, 0% used [0x00000000ec200000,0x00000000ec200000,0x00000000ec500000)
 ParOldGen       total 68608K, used 18811K [0x00000000c0000000, 0x00000000c4300000, 0x00000000eab00000)
  object space 68608K, 27% used [0x00000000c0000000,0x00000000c125ee60,0x00000000c4300000)
 Metaspace       used 33330K, committed 34048K, reserved 1114112K
  class space    used 3247K, committed 3520K, reserved 1048576K
}
Event: 11.494 GC heap before
{Heap before GC invocations=12 (full 1):
 PSYoungGen      total 24576K, used 17618K [0x00000000eab00000, 0x00000000ec800000, 0x0000000100000000)
  eden space 22016K, 70% used [0x00000000eab00000,0x00000000eba22700,0x00000000ec080000)
  from space 2560K, 82% used [0x00000000ec580000,0x00000000ec7922b0,0x00000000ec800000)
  to   space 3072K, 0% used [0x00000000ec200000,0x00000000ec200000,0x00000000ec500000)
 ParOldGen       total 68608K, used 18811K [0x00000000c0000000, 0x00000000c4300000, 0x00000000eab00000)
  object space 68608K, 27% used [0x00000000c0000000,0x00000000c125ee60,0x00000000c4300000)
 Metaspace       used 35172K, committed 35840K, reserved 1114112K
  class space    used 3403K, committed 3712K, reserved 1048576K
}
Event: 11.495 GC heap after
{Heap after GC invocations=12 (full 1):
 PSYoungGen      total 23552K, used 1025K [0x00000000eab00000, 0x00000000ec600000, 0x0000000100000000)
  eden space 22016K, 0% used [0x00000000eab00000,0x00000000eab00000,0x00000000ec080000)
  from space 1536K, 66% used [0x00000000ec200000,0x00000000ec300650,0x00000000ec380000)
  to   space 1536K, 0% used [0x00000000ec480000,0x00000000ec480000,0x00000000ec600000)
 ParOldGen       total 68608K, used 20786K [0x00000000c0000000, 0x00000000c4300000, 0x00000000eab00000)
  object space 68608K, 30% used [0x00000000c0000000,0x00000000c144ca18,0x00000000c4300000)
 Metaspace       used 35172K, committed 35840K, reserved 1114112K
  class space    used 3403K, committed 3712K, reserved 1048576K
}
Event: 11.495 GC heap before
{Heap before GC invocations=13 (full 2):
 PSYoungGen      total 23552K, used 1025K [0x00000000eab00000, 0x00000000ec600000, 0x0000000100000000)
  eden space 22016K, 0% used [0x00000000eab00000,0x00000000eab00000,0x00000000ec080000)
  from space 1536K, 66% used [0x00000000ec200000,0x00000000ec300650,0x00000000ec380000)
  to   space 1536K, 0% used [0x00000000ec480000,0x00000000ec480000,0x00000000ec600000)
 ParOldGen       total 68608K, used 20786K [0x00000000c0000000, 0x00000000c4300000, 0x00000000eab00000)
  object space 68608K, 30% used [0x00000000c0000000,0x00000000c144ca18,0x00000000c4300000)
 Metaspace       used 35172K, committed 35840K, reserved 1114112K
  class space    used 3403K, committed 3712K, reserved 1048576K
}
Event: 11.514 GC heap after
{Heap after GC invocations=13 (full 2):
 PSYoungGen      total 23552K, used 0K [0x00000000eab00000, 0x00000000ec600000, 0x0000000100000000)
  eden space 22016K, 0% used [0x00000000eab00000,0x00000000eab00000,0x00000000ec080000)
  from space 1536K, 0% used [0x00000000ec200000,0x00000000ec200000,0x00000000ec380000)
  to   space 1536K, 0% used [0x00000000ec480000,0x00000000ec480000,0x00000000ec600000)
 ParOldGen       total 68608K, used 19797K [0x00000000c0000000, 0x00000000c4300000, 0x00000000eab00000)
  object space 68608K, 28% used [0x00000000c0000000,0x00000000c1355528,0x00000000c4300000)
 Metaspace       used 35158K, committed 35840K, reserved 1114112K
  class space    used 3400K, committed 3712K, reserved 1048576K
}
Event: 11.680 GC heap before
{Heap before GC invocations=14 (full 2):
 PSYoungGen      total 23552K, used 22016K [0x00000000eab00000, 0x00000000ec600000, 0x0000000100000000)
  eden space 22016K, 100% used [0x00000000eab00000,0x00000000ec080000,0x00000000ec080000)
  from space 1536K, 0% used [0x00000000ec200000,0x00000000ec200000,0x00000000ec380000)
  to   space 1536K, 0% used [0x00000000ec480000,0x00000000ec480000,0x00000000ec600000)
 ParOldGen       total 68608K, used 19797K [0x00000000c0000000, 0x00000000c4300000, 0x00000000eab00000)
  object space 68608K, 28% used [0x00000000c0000000,0x00000000c1355528,0x00000000c4300000)
 Metaspace       used 37166K, committed 38016K, reserved 1114112K
  class space    used 3646K, committed 4032K, reserved 1048576K
}
Event: 11.682 GC heap after
{Heap after GC invocations=14 (full 2):
 PSYoungGen      total 23040K, used 978K [0x00000000eab00000, 0x00000000ec580000, 0x0000000100000000)
  eden space 22016K, 0% used [0x00000000eab00000,0x00000000eab00000,0x00000000ec080000)
  from space 1024K, 95% used [0x00000000ec480000,0x00000000ec574be0,0x00000000ec580000)
  to   space 1536K, 0% used [0x00000000ec280000,0x00000000ec280000,0x00000000ec400000)
 ParOldGen       total 68608K, used 19805K [0x00000000c0000000, 0x00000000c4300000, 0x00000000eab00000)
  object space 68608K, 28% used [0x00000000c0000000,0x00000000c1357528,0x00000000c4300000)
 Metaspace       used 37166K, committed 38016K, reserved 1114112K
  class space    used 3646K, committed 4032K, reserved 1048576K
}
Event: 11.789 GC heap before
{Heap before GC invocations=15 (full 2):
 PSYoungGen      total 23040K, used 22994K [0x00000000eab00000, 0x00000000ec580000, 0x0000000100000000)
  eden space 22016K, 100% used [0x00000000eab00000,0x00000000ec080000,0x00000000ec080000)
  from space 1024K, 95% used [0x00000000ec480000,0x00000000ec574be0,0x00000000ec580000)
  to   space 1536K, 0% used [0x00000000ec280000,0x00000000ec280000,0x00000000ec400000)
 ParOldGen       total 68608K, used 19805K [0x00000000c0000000, 0x00000000c4300000, 0x00000000eab00000)
  object space 68608K, 28% used [0x00000000c0000000,0x00000000c1357528,0x00000000c4300000)
 Metaspace       used 39410K, committed 40256K, reserved 1114112K
  class space    used 3946K, committed 4352K, reserved 1048576K
}
Event: 11.790 GC heap after
{Heap after GC invocations=15 (full 2):
 PSYoungGen      total 23552K, used 1373K [0x00000000eab00000, 0x00000000ec500000, 0x0000000100000000)
  eden space 22016K, 0% used [0x00000000eab00000,0x00000000eab00000,0x00000000ec080000)
  from space 1536K, 89% used [0x00000000ec280000,0x00000000ec3d77a8,0x00000000ec400000)
  to   space 1024K, 0% used [0x00000000ec400000,0x00000000ec400000,0x00000000ec500000)
 ParOldGen       total 68608K, used 20573K [0x00000000c0000000, 0x00000000c4300000, 0x00000000eab00000)
  object space 68608K, 29% used [0x00000000c0000000,0x00000000c1417640,0x00000000c4300000)
 Metaspace       used 39410K, committed 40256K, reserved 1114112K
  class space    used 3946K, committed 4352K, reserved 1048576K
}
Event: 11.842 GC heap before
{Heap before GC invocations=16 (full 2):
 PSYoungGen      total 23552K, used 23389K [0x00000000eab00000, 0x00000000ec500000, 0x0000000100000000)
  eden space 22016K, 100% used [0x00000000eab00000,0x00000000ec080000,0x00000000ec080000)
  from space 1536K, 89% used [0x00000000ec280000,0x00000000ec3d77a8,0x00000000ec400000)
  to   space 1024K, 0% used [0x00000000ec400000,0x00000000ec400000,0x00000000ec500000)
 ParOldGen       total 68608K, used 20573K [0x00000000c0000000, 0x00000000c4300000, 0x00000000eab00000)
  object space 68608K, 29% used [0x00000000c0000000,0x00000000c1417640,0x00000000c4300000)
 Metaspace       used 40534K, committed 41408K, reserved 1114112K
  class space    used 4077K, committed 4416K, reserved 1048576K
}
Event: 11.844 GC heap after
{Heap after GC invocations=16 (full 2):
 PSYoungGen      total 23040K, used 1010K [0x00000000eab00000, 0x00000000ec680000, 0x0000000100000000)
  eden space 22016K, 0% used [0x00000000eab00000,0x00000000eab00000,0x00000000ec080000)
  from space 1024K, 98% used [0x00000000ec400000,0x00000000ec4fc970,0x00000000ec500000)
  to   space 3072K, 0% used [0x00000000ec080000,0x00000000ec080000,0x00000000ec380000)
 ParOldGen       total 68608K, used 22325K [0x00000000c0000000, 0x00000000c4300000, 0x00000000eab00000)
  object space 68608K, 32% used [0x00000000c0000000,0x00000000c15cd728,0x00000000c4300000)
 Metaspace       used 40534K, committed 41408K, reserved 1114112K
  class space    used 4077K, committed 4416K, reserved 1048576K
}
Event: 11.978 GC heap before
{Heap before GC invocations=17 (full 2):
 PSYoungGen      total 23040K, used 23025K [0x00000000eab00000, 0x00000000ec680000, 0x0000000100000000)
  eden space 22016K, 99% used [0x00000000eab00000,0x00000000ec07fb90,0x00000000ec080000)
  from space 1024K, 98% used [0x00000000ec400000,0x00000000ec4fc970,0x00000000ec500000)
  to   space 3072K, 0% used [0x00000000ec080000,0x00000000ec080000,0x00000000ec380000)
 ParOldGen       total 68608K, used 22325K [0x00000000c0000000, 0x00000000c4300000, 0x00000000eab00000)
  object space 68608K, 32% used [0x00000000c0000000,0x00000000c15cd728,0x00000000c4300000)
 Metaspace       used 42625K, committed 43648K, reserved 1114112K
  class space    used 4303K, committed 4736K, reserved 1048576K
}
Event: 11.979 GC heap after
{Heap after GC invocations=17 (full 2):
 PSYoungGen      total 23552K, used 1152K [0x00000000eab00000, 0x00000000ec480000, 0x0000000100000000)
  eden space 22016K, 0% used [0x00000000eab00000,0x00000000eab00000,0x00000000ec080000)
  from space 1536K, 75% used [0x00000000ec080000,0x00000000ec1a0000,0x00000000ec200000)
  to   space 2048K, 0% used [0x00000000ec280000,0x00000000ec280000,0x00000000ec480000)
 ParOldGen       total 68608K, used 23149K [0x00000000c0000000, 0x00000000c4300000, 0x00000000eab00000)
  object space 68608K, 33% used [0x00000000c0000000,0x00000000c169b748,0x00000000c4300000)
 Metaspace       used 42625K, committed 43648K, reserved 1114112K
  class space    used 4303K, committed 4736K, reserved 1048576K
}
Event: 12.089 GC heap before
{Heap before GC invocations=18 (full 2):
 PSYoungGen      total 23552K, used 23168K [0x00000000eab00000, 0x00000000ec480000, 0x0000000100000000)
  eden space 22016K, 100% used [0x00000000eab00000,0x00000000ec080000,0x00000000ec080000)
  from space 1536K, 75% used [0x00000000ec080000,0x00000000ec1a0000,0x00000000ec200000)
  to   space 2048K, 0% used [0x00000000ec280000,0x00000000ec280000,0x00000000ec480000)
 ParOldGen       total 68608K, used 23149K [0x00000000c0000000, 0x00000000c4300000, 0x00000000eab00000)
  object space 68608K, 33% used [0x00000000c0000000,0x00000000c169b748,0x00000000c4300000)
 Metaspace       used 44251K, committed 45184K, reserved 1114112K
  class space    used 4492K, committed 4864K, reserved 1048576K
}
Event: 12.090 GC heap after
{Heap after GC invocations=18 (full 2):
 PSYoungGen      total 22528K, used 2029K [0x00000000eab00000, 0x00000000ec780000, 0x0000000100000000)
  eden space 20480K, 0% used [0x00000000eab00000,0x00000000eab00000,0x00000000ebf00000)
  from space 2048K, 99% used [0x00000000ec280000,0x00000000ec47b510,0x00000000ec480000)
  to   space 3584K, 0% used [0x00000000ebf00000,0x00000000ebf00000,0x00000000ec280000)
 ParOldGen       total 68608K, used 24325K [0x00000000c0000000, 0x00000000c4300000, 0x00000000eab00000)
  object space 68608K, 35% used [0x00000000c0000000,0x00000000c17c1768,0x00000000c4300000)
 Metaspace       used 44251K, committed 45184K, reserved 1114112K
  class space    used 4492K, committed 4864K, reserved 1048576K
}
Event: 12.143 GC heap before
{Heap before GC invocations=19 (full 2):
 PSYoungGen      total 22528K, used 22509K [0x00000000eab00000, 0x00000000ec780000, 0x0000000100000000)
  eden space 20480K, 100% used [0x00000000eab00000,0x00000000ebf00000,0x00000000ebf00000)
  from space 2048K, 99% used [0x00000000ec280000,0x00000000ec47b510,0x00000000ec480000)
  to   space 3584K, 0% used [0x00000000ebf00000,0x00000000ebf00000,0x00000000ec280000)
 ParOldGen       total 68608K, used 24325K [0x00000000c0000000, 0x00000000c4300000, 0x00000000eab00000)
  object space 68608K, 35% used [0x00000000c0000000,0x00000000c17c1768,0x00000000c4300000)
 Metaspace       used 46014K, committed 46976K, reserved 1114112K
  class space    used 4733K, committed 5120K, reserved 1048576K
}
Event: 12.144 GC heap after
{Heap after GC invocations=19 (full 2):
 PSYoungGen      total 22528K, used 1568K [0x00000000eab00000, 0x00000000ec400000, 0x0000000100000000)
  eden space 20480K, 0% used [0x00000000eab00000,0x00000000eab00000,0x00000000ebf00000)
  from space 2048K, 76% used [0x00000000ebf00000,0x00000000ec088060,0x00000000ec100000)
  to   space 2560K, 0% used [0x00000000ec180000,0x00000000ec180000,0x00000000ec400000)
 ParOldGen       total 68608K, used 26301K [0x00000000c0000000, 0x00000000c4300000, 0x00000000eab00000)
  object space 68608K, 38% used [0x00000000c0000000,0x00000000c19af608,0x00000000c4300000)
 Metaspace       used 46014K, committed 46976K, reserved 1114112K
  class space    used 4733K, committed 5120K, reserved 1048576K
}
Event: 12.182 GC heap before
{Heap before GC invocations=20 (full 2):
 PSYoungGen      total 22528K, used 22048K [0x00000000eab00000, 0x00000000ec400000, 0x0000000100000000)
  eden space 20480K, 100% used [0x00000000eab00000,0x00000000ebf00000,0x00000000ebf00000)
  from space 2048K, 76% used [0x00000000ebf00000,0x00000000ec088060,0x00000000ec100000)
  to   space 2560K, 0% used [0x00000000ec180000,0x00000000ec180000,0x00000000ec400000)
 ParOldGen       total 68608K, used 26301K [0x00000000c0000000, 0x00000000c4300000, 0x00000000eab00000)
  object space 68608K, 38% used [0x00000000c0000000,0x00000000c19af608,0x00000000c4300000)
 Metaspace       used 46456K, committed 47424K, reserved 1114112K
  class space    used 4784K, committed 5184K, reserved 1048576K
}
Event: 12.184 GC heap after
{Heap after GC invocations=20 (full 2):
 PSYoungGen      total 22528K, used 2419K [0x00000000eab00000, 0x00000000ec500000, 0x0000000100000000)
  eden space 19968K, 0% used [0x00000000eab00000,0x00000000eab00000,0x00000000ebe80000)
  from space 2560K, 94% used [0x00000000ec180000,0x00000000ec3dcc38,0x00000000ec400000)
  to   space 3072K, 0% used [0x00000000ebe80000,0x00000000ebe80000,0x00000000ec180000)
 ParOldGen       total 68608K, used 27669K [0x00000000c0000000, 0x00000000c4300000, 0x00000000eab00000)
  object space 68608K, 40% used [0x00000000c0000000,0x00000000c1b05658,0x00000000c4300000)
 Metaspace       used 46456K, committed 47424K, reserved 1114112K
  class space    used 4784K, committed 5184K, reserved 1048576K
}

