# JRE version: OpenJDK Runtime Environment Temurin-17.0.13+11 (17.0.13+11) (build 17.0.13+11)
# Java VM: OpenJDK 64-Bit Server VM Temurin-17.0.13+11 (17.0.13+11, mixed mode, tiered, compressed oops, compressed class ptrs, parallel gc, windows-amd64)
GC Precious Log:
 CPUs: 12 total, 12 available
 Memory: 16092M
 Large Page Support: Disabled
 NUMA Support: Disabled
 Compressed Oops: Enabled (32-bit)
 Alignments: Space 512K, Generation 512K, Heap 2M
 Heap Min Capacity: 100M
 Heap Initial Capacity: 100M
 Heap Max Capacity: 1G
 Pre-touch: Disabled
 Parallel Workers: 10
Heap:
 PSYoungGen      total 19456K, used 15183K [0x00000000eab00000, 0x00000000ec400000, 0x0000000100000000)
  eden space 14848K, 73% used [0x00000000eab00000,0x00000000eb5a3720,0x00000000eb980000)
  from space 4608K, 93% used [0x00000000ebf80000,0x00000000ec3b07d0,0x00000000ec400000)
  to   space 5120K, 0% used [0x00000000eba00000,0x00000000eba00000,0x00000000ebf00000)
 ParOldGen       total 276480K, used 202574K [0x00000000c0000000, 0x00000000d0e00000, 0x00000000eab00000)
  object space 276480K, 73% used [0x00000000c0000000,0x00000000cc5d3898,0x00000000d0e00000)
 Metaspace       used 64502K, committed 65664K, reserved 1114112K
  class space    used 6729K, committed 7232K, reserved 1048576K
GC Heap History (20 events):
Event: 6.352 GC heap after
{Heap after GC invocations=131 (full 5):
 PSYoungGen      total 14848K, used 6649K [0x00000000eab00000, 0x00000000eca80000, 0x0000000100000000)
  eden space 8192K, 0% used [0x00000000eab00000,0x00000000eab00000,0x00000000eb300000)
  from space 6656K, 99% used [0x00000000ebc80000,0x00000000ec2fe7e0,0x00000000ec300000)
  to   space 9728K, 0% used [0x00000000eb300000,0x00000000eb300000,0x00000000ebc80000)
 ParOldGen       total 193536K, used 190885K [0x00000000c0000000, 0x00000000cbd00000, 0x00000000eab00000)
  object space 193536K, 98% used [0x00000000c0000000,0x00000000cba69538,0x00000000cbd00000)
 Metaspace       used 63587K, committed 64768K, reserved 1114112K
  class space    used 6622K, committed 7104K, reserved 1048576K
}
Event: 6.365 GC heap before
{Heap before GC invocations=132 (full 5):
 PSYoungGen      total 14848K, used 14841K [0x00000000eab00000, 0x00000000eca80000, 0x0000000100000000)
  eden space 8192K, 100% used [0x00000000eab00000,0x00000000eb300000,0x00000000eb300000)
  from space 6656K, 99% used [0x00000000ebc80000,0x00000000ec2fe7e0,0x00000000ec300000)
  to   space 9728K, 0% used [0x00000000eb300000,0x00000000eb300000,0x00000000ebc80000)
 ParOldGen       total 193536K, used 190885K [0x00000000c0000000, 0x00000000cbd00000, 0x00000000eab00000)
  object space 193536K, 98% used [0x00000000c0000000,0x00000000cba69538,0x00000000cbd00000)
 Metaspace       used 63587K, committed 64768K, reserved 1114112K
  class space    used 6622K, committed 7104K, reserved 1048576K
}
Event: 6.367 GC heap after
{Heap after GC invocations=132 (full 5):
 PSYoungGen      total 12800K, used 4344K [0x00000000eab00000, 0x00000000ec000000, 0x0000000100000000)
  eden space 8192K, 0% used [0x00000000eab00000,0x00000000eab00000,0x00000000eb300000)
  from space 4608K, 94% used [0x00000000eb300000,0x00000000eb73e3e0,0x00000000eb780000)
  to   space 6144K, 0% used [0x00000000eba00000,0x00000000eba00000,0x00000000ec000000)
 ParOldGen       total 195072K, used 195058K [0x00000000c0000000, 0x00000000cbe80000, 0x00000000eab00000)
  object space 195072K, 99% used [0x00000000c0000000,0x00000000cbe7c9f0,0x00000000cbe80000)
 Metaspace       used 63587K, committed 64768K, reserved 1114112K
  class space    used 6622K, committed 7104K, reserved 1048576K
}
Event: 6.382 GC heap before
{Heap before GC invocations=133 (full 6):
 PSYoungGen      total 12800K, used 12536K [0x00000000eab00000, 0x00000000ec000000, 0x0000000100000000)
  eden space 8192K, 100% used [0x00000000eab00000,0x00000000eb300000,0x00000000eb300000)
  from space 4608K, 94% used [0x00000000eb300000,0x00000000eb73e3e0,0x00000000eb780000)
  to   space 6144K, 0% used [0x00000000eba00000,0x00000000eba00000,0x00000000ec000000)
 ParOldGen       total 195072K, used 195058K [0x00000000c0000000, 0x00000000cbe80000, 0x00000000eab00000)
  object space 195072K, 99% used [0x00000000c0000000,0x00000000cbe7c9f0,0x00000000cbe80000)
 Metaspace       used 63619K, committed 64768K, reserved 1114112K
  class space    used 6626K, committed 7104K, reserved 1048576K
}
Event: 6.445 GC heap after
{Heap after GC invocations=133 (full 6):
 PSYoungGen      total 15360K, used 0K [0x00000000eab00000, 0x00000000ec000000, 0x0000000100000000)
  eden space 9216K, 0% used [0x00000000eab00000,0x00000000eab00000,0x00000000eb400000)
  from space 6144K, 0% used [0x00000000eba00000,0x00000000eba00000,0x00000000ec000000)
  to   space 6144K, 0% used [0x00000000eb400000,0x00000000eb400000,0x00000000eba00000)
 ParOldGen       total 276480K, used 189779K [0x00000000c0000000, 0x00000000d0e00000, 0x00000000eab00000)
  object space 276480K, 68% used [0x00000000c0000000,0x00000000cb954e70,0x00000000d0e00000)
 Metaspace       used 63619K, committed 64768K, reserved 1114112K
  class space    used 6626K, committed 7104K, reserved 1048576K
}
Event: 6.460 GC heap before
{Heap before GC invocations=134 (full 6):
 PSYoungGen      total 15360K, used 9216K [0x00000000eab00000, 0x00000000ec000000, 0x0000000100000000)
  eden space 9216K, 100% used [0x00000000eab00000,0x00000000eb400000,0x00000000eb400000)
  from space 6144K, 0% used [0x00000000eba00000,0x00000000eba00000,0x00000000ec000000)
  to   space 6144K, 0% used [0x00000000eb400000,0x00000000eb400000,0x00000000eba00000)
 ParOldGen       total 276480K, used 189779K [0x00000000c0000000, 0x00000000d0e00000, 0x00000000eab00000)
  object space 276480K, 68% used [0x00000000c0000000,0x00000000cb954e70,0x00000000d0e00000)
 Metaspace       used 63646K, committed 64768K, reserved 1114112K
  class space    used 6626K, committed 7104K, reserved 1048576K
}
Event: 6.462 GC heap after
{Heap after GC invocations=134 (full 6):
 PSYoungGen      total 11776K, used 2247K [0x00000000eab00000, 0x00000000ebc00000, 0x0000000100000000)
  eden space 9216K, 0% used [0x00000000eab00000,0x00000000eab00000,0x00000000eb400000)
  from space 2560K, 87% used [0x00000000eb400000,0x00000000eb631d68,0x00000000eb680000)
  to   space 3584K, 0% used [0x00000000eb880000,0x00000000eb880000,0x00000000ebc00000)
 ParOldGen       total 276480K, used 189787K [0x00000000c0000000, 0x00000000d0e00000, 0x00000000eab00000)
  object space 276480K, 68% used [0x00000000c0000000,0x00000000cb956e70,0x00000000d0e00000)
 Metaspace       used 63646K, committed 64768K, reserved 1114112K
  class space    used 6626K, committed 7104K, reserved 1048576K
}
Event: 6.476 GC heap before
{Heap before GC invocations=135 (full 6):
 PSYoungGen      total 11776K, used 11463K [0x00000000eab00000, 0x00000000ebc00000, 0x0000000100000000)
  eden space 9216K, 100% used [0x00000000eab00000,0x00000000eb400000,0x00000000eb400000)
  from space 2560K, 87% used [0x00000000eb400000,0x00000000eb631d68,0x00000000eb680000)
  to   space 3584K, 0% used [0x00000000eb880000,0x00000000eb880000,0x00000000ebc00000)
 ParOldGen       total 276480K, used 189787K [0x00000000c0000000, 0x00000000d0e00000, 0x00000000eab00000)
  object space 276480K, 68% used [0x00000000c0000000,0x00000000cb956e70,0x00000000d0e00000)
 Metaspace       used 63682K, committed 64832K, reserved 1114112K
  class space    used 6626K, committed 7104K, reserved 1048576K
}
Event: 6.477 GC heap after
{Heap after GC invocations=135 (full 6):
 PSYoungGen      total 12800K, used 3569K [0x00000000eab00000, 0x00000000ebe00000, 0x0000000100000000)
  eden space 9216K, 0% used [0x00000000eab00000,0x00000000eab00000,0x00000000eb400000)
  from space 3584K, 99% used [0x00000000eb880000,0x00000000ebbfc418,0x00000000ebc00000)
  to   space 4608K, 0% used [0x00000000eb400000,0x00000000eb400000,0x00000000eb880000)
 ParOldGen       total 276480K, used 190401K [0x00000000c0000000, 0x00000000d0e00000, 0x00000000eab00000)
  object space 276480K, 68% used [0x00000000c0000000,0x00000000cb9f06a0,0x00000000d0e00000)
 Metaspace       used 63682K, committed 64832K, reserved 1114112K
  class space    used 6626K, committed 7104K, reserved 1048576K
}
Event: 6.490 GC heap before
{Heap before GC invocations=136 (full 6):
 PSYoungGen      total 12800K, used 12785K [0x00000000eab00000, 0x00000000ebe00000, 0x0000000100000000)
  eden space 9216K, 100% used [0x00000000eab00000,0x00000000eb400000,0x00000000eb400000)
  from space 3584K, 99% used [0x00000000eb880000,0x00000000ebbfc418,0x00000000ebc00000)
  to   space 4608K, 0% used [0x00000000eb400000,0x00000000eb400000,0x00000000eb880000)
 ParOldGen       total 276480K, used 190401K [0x00000000c0000000, 0x00000000d0e00000, 0x00000000eab00000)
  object space 276480K, 68% used [0x00000000c0000000,0x00000000cb9f06a0,0x00000000d0e00000)
 Metaspace       used 63752K, committed 64896K, reserved 1114112K
  class space    used 6636K, committed 7104K, reserved 1048576K
}
Event: 6.492 GC heap after
{Heap after GC invocations=136 (full 6):
 PSYoungGen      total 13824K, used 4591K [0x00000000eab00000, 0x00000000ec200000, 0x0000000100000000)
  eden space 9216K, 0% used [0x00000000eab00000,0x00000000eab00000,0x00000000eb400000)
  from space 4608K, 99% used [0x00000000eb400000,0x00000000eb87be18,0x00000000eb880000)
  to   space 6656K, 0% used [0x00000000ebb80000,0x00000000ebb80000,0x00000000ec200000)
 ParOldGen       total 276480K, used 191850K [0x00000000c0000000, 0x00000000d0e00000, 0x00000000eab00000)
  object space 276480K, 69% used [0x00000000c0000000,0x00000000cbb5abf8,0x00000000d0e00000)
 Metaspace       used 63752K, committed 64896K, reserved 1114112K
  class space    used 6636K, committed 7104K, reserved 1048576K
}
Event: 6.508 GC heap before
{Heap before GC invocations=137 (full 6):
 PSYoungGen      total 13824K, used 13807K [0x00000000eab00000, 0x00000000ec200000, 0x0000000100000000)
  eden space 9216K, 99% used [0x00000000eab00000,0x00000000eb3fff30,0x00000000eb400000)
  from space 4608K, 99% used [0x00000000eb400000,0x00000000eb87be18,0x00000000eb880000)
  to   space 6656K, 0% used [0x00000000ebb80000,0x00000000ebb80000,0x00000000ec200000)
 ParOldGen       total 276480K, used 191850K [0x00000000c0000000, 0x00000000d0e00000, 0x00000000eab00000)
  object space 276480K, 69% used [0x00000000c0000000,0x00000000cbb5abf8,0x00000000d0e00000)
 Metaspace       used 63860K, committed 65024K, reserved 1114112K
  class space    used 6645K, committed 7168K, reserved 1048576K
}
Event: 6.509 GC heap after
{Heap after GC invocations=137 (full 6):
 PSYoungGen      total 14336K, used 3679K [0x00000000eab00000, 0x00000000ebf80000, 0x0000000100000000)
  eden space 10240K, 0% used [0x00000000eab00000,0x00000000eab00000,0x00000000eb500000)
  from space 4096K, 89% used [0x00000000ebb80000,0x00000000ebf17d88,0x00000000ebf80000)
  to   space 4608K, 0% used [0x00000000eb680000,0x00000000eb680000,0x00000000ebb00000)
 ParOldGen       total 276480K, used 194613K [0x00000000c0000000, 0x00000000d0e00000, 0x00000000eab00000)
  object space 276480K, 70% used [0x00000000c0000000,0x00000000cbe0d540,0x00000000d0e00000)
 Metaspace       used 63860K, committed 65024K, reserved 1114112K
  class space    used 6645K, committed 7168K, reserved 1048576K
}
Event: 6.526 GC heap before
{Heap before GC invocations=138 (full 6):
 PSYoungGen      total 14336K, used 13919K [0x00000000eab00000, 0x00000000ebf80000, 0x0000000100000000)
  eden space 10240K, 100% used [0x00000000eab00000,0x00000000eb500000,0x00000000eb500000)
  from space 4096K, 89% used [0x00000000ebb80000,0x00000000ebf17d88,0x00000000ebf80000)
  to   space 4608K, 0% used [0x00000000eb680000,0x00000000eb680000,0x00000000ebb00000)
 ParOldGen       total 276480K, used 194613K [0x00000000c0000000, 0x00000000d0e00000, 0x00000000eab00000)
  object space 276480K, 70% used [0x00000000c0000000,0x00000000cbe0d540,0x00000000d0e00000)
 Metaspace       used 63986K, committed 65152K, reserved 1114112K
  class space    used 6663K, committed 7168K, reserved 1048576K
}
Event: 6.528 GC heap after
{Heap after GC invocations=138 (full 6):
 PSYoungGen      total 15872K, used 4600K [0x00000000eab00000, 0x00000000ec200000, 0x0000000100000000)
  eden space 11264K, 0% used [0x00000000eab00000,0x00000000eab00000,0x00000000eb600000)
  from space 4608K, 99% used [0x00000000eb680000,0x00000000ebafe3f8,0x00000000ebb00000)
  to   space 6144K, 0% used [0x00000000ebc00000,0x00000000ebc00000,0x00000000ec200000)
 ParOldGen       total 276480K, used 195486K [0x00000000c0000000, 0x00000000d0e00000, 0x00000000eab00000)
  object space 276480K, 70% used [0x00000000c0000000,0x00000000cbee7b78,0x00000000d0e00000)
 Metaspace       used 63986K, committed 65152K, reserved 1114112K
  class space    used 6663K, committed 7168K, reserved 1048576K
}
Event: 6.544 GC heap before
{Heap before GC invocations=139 (full 6):
 PSYoungGen      total 15872K, used 15864K [0x00000000eab00000, 0x00000000ec200000, 0x0000000100000000)
  eden space 11264K, 100% used [0x00000000eab00000,0x00000000eb600000,0x00000000eb600000)
  from space 4608K, 99% used [0x00000000eb680000,0x00000000ebafe3f8,0x00000000ebb00000)
  to   space 6144K, 0% used [0x00000000ebc00000,0x00000000ebc00000,0x00000000ec200000)
 ParOldGen       total 276480K, used 195486K [0x00000000c0000000, 0x00000000d0e00000, 0x00000000eab00000)
  object space 276480K, 70% used [0x00000000c0000000,0x00000000cbee7b78,0x00000000d0e00000)
 Metaspace       used 64117K, committed 65216K, reserved 1114112K
  class space    used 6674K, committed 7168K, reserved 1048576K
}
Event: 6.546 GC heap after
{Heap after GC invocations=139 (full 6):
 PSYoungGen      total 17408K, used 3838K [0x00000000eab00000, 0x00000000ec080000, 0x0000000100000000)
  eden space 12800K, 0% used [0x00000000eab00000,0x00000000eab00000,0x00000000eb780000)
  from space 4608K, 83% used [0x00000000ebc00000,0x00000000ebfbfbb0,0x00000000ec080000)
  to   space 4608K, 0% used [0x00000000eb780000,0x00000000eb780000,0x00000000ebc00000)
 ParOldGen       total 276480K, used 198476K [0x00000000c0000000, 0x00000000d0e00000, 0x00000000eab00000)
  object space 276480K, 71% used [0x00000000c0000000,0x00000000cc1d31e8,0x00000000d0e00000)
 Metaspace       used 64117K, committed 65216K, reserved 1114112K
  class space    used 6674K, committed 7168K, reserved 1048576K
}
Event: 6.563 GC heap before
{Heap before GC invocations=140 (full 6):
 PSYoungGen      total 17408K, used 16638K [0x00000000eab00000, 0x00000000ec080000, 0x0000000100000000)
  eden space 12800K, 100% used [0x00000000eab00000,0x00000000eb780000,0x00000000eb780000)
  from space 4608K, 83% used [0x00000000ebc00000,0x00000000ebfbfbb0,0x00000000ec080000)
  to   space 4608K, 0% used [0x00000000eb780000,0x00000000eb780000,0x00000000ebc00000)
 ParOldGen       total 276480K, used 198476K [0x00000000c0000000, 0x00000000d0e00000, 0x00000000eab00000)
  object space 276480K, 71% used [0x00000000c0000000,0x00000000cc1d31e8,0x00000000d0e00000)
 Metaspace       used 64391K, committed 65600K, reserved 1114112K
  class space    used 6714K, committed 7232K, reserved 1048576K
}
Event: 6.565 GC heap after
{Heap after GC invocations=140 (full 6):
 PSYoungGen      total 17408K, used 4598K [0x00000000eab00000, 0x00000000ec600000, 0x0000000100000000)
  eden space 12800K, 0% used [0x00000000eab00000,0x00000000eab00000,0x00000000eb780000)
  from space 4608K, 99% used [0x00000000eb780000,0x00000000ebbfd870,0x00000000ebc00000)
  to   space 6656K, 0% used [0x00000000ebf80000,0x00000000ebf80000,0x00000000ec600000)
 ParOldGen       total 276480K, used 199904K [0x00000000c0000000, 0x00000000d0e00000, 0x00000000eab00000)
  object space 276480K, 72% used [0x00000000c0000000,0x00000000cc338178,0x00000000d0e00000)
 Metaspace       used 64391K, committed 65600K, reserved 1114112K
  class space    used 6714K, committed 7232K, reserved 1048576K
}
Event: 6.585 GC heap before
{Heap before GC invocations=141 (full 6):
 PSYoungGen      total 17408K, used 17398K [0x00000000eab00000, 0x00000000ec600000, 0x0000000100000000)
  eden space 12800K, 100% used [0x00000000eab00000,0x00000000eb780000,0x00000000eb780000)
  from space 4608K, 99% used [0x00000000eb780000,0x00000000ebbfd870,0x00000000ebc00000)
  to   space 6656K, 0% used [0x00000000ebf80000,0x00000000ebf80000,0x00000000ec600000)
 ParOldGen       total 276480K, used 199904K [0x00000000c0000000, 0x00000000d0e00000, 0x00000000eab00000)
  object space 276480K, 72% used [0x00000000c0000000,0x00000000cc338178,0x00000000d0e00000)
 Metaspace       used 64460K, committed 65600K, reserved 1114112K
  class space    used 6723K, committed 7232K, reserved 1048576K
}

